2013-08-17 22:48:45 INFO  Tiff2PDF:42 - >>> convert()
2013-08-17 22:48:46 INFO  Tiff2PDF:64 - convert imgActualWIDTH: 62063.0imgActualHeight: 2212.0
2013-08-17 22:48:46 INFO  Tiff2PDF:68 - convert Width is greater than Adobe allowable width of 14400 Width: 62063.0Shrinking it to 14000
2013-08-17 22:48:46 INFO  Tiff2PDF:88 - convert, Document Size Width:14400.0, Height:2212.0
2013-08-17 22:48:46 INFO  Tiff2PDF:105 - true
2013-08-17 22:48:46 INFO  Tiff2PDF:108 - scale it!, OLD Values Width: 62063.0 Height:2212.0
2013-08-17 22:48:53 INFO  Tiff2PDF:127 - scaled, new Values Width: 14400.0 Height:2212.0
2013-08-17 22:48:53 INFO  Tiff2PDF:140 - <<< convert(), Conversion took: 7082
2013-08-17 22:48:53 INFO  Tiff2PDF:42 - >>> convert()
2013-08-17 22:48:53 INFO  Tiff2PDF:64 - convert imgActualWIDTH: 29807.0imgActualHeight: 4268.0
2013-08-17 22:48:53 INFO  Tiff2PDF:68 - convert Width is greater than Adobe allowable width of 14400 Width: 29807.0Shrinking it to 14000
2013-08-17 22:48:53 INFO  Tiff2PDF:88 - convert, Document Size Width:14400.0, Height:4268.0
2013-08-17 22:48:53 INFO  Tiff2PDF:105 - true
2013-08-17 22:48:53 INFO  Tiff2PDF:108 - scale it!, OLD Values Width: 29807.0 Height:4268.0
2013-08-17 22:48:57 INFO  Tiff2PDF:127 - scaled, new Values Width: 14400.0 Height:4268.0
2013-08-17 22:48:57 INFO  Tiff2PDF:140 - <<< convert(), Conversion took: 4336
2013-08-17 22:48:57 INFO  Tiff2PDF:42 - >>> convert()
2013-08-17 22:48:57 INFO  Tiff2PDF:64 - convert imgActualWIDTH: 62063.0imgActualHeight: 2212.0
2013-08-17 22:48:57 INFO  Tiff2PDF:68 - convert Width is greater than Adobe allowable width of 14400 Width: 62063.0Shrinking it to 14000
2013-08-17 22:48:57 INFO  Tiff2PDF:88 - convert, Document Size Width:14400.0, Height:2212.0
2013-08-17 22:48:57 INFO  Tiff2PDF:105 - true
2013-08-17 22:48:57 INFO  Tiff2PDF:108 - scale it!, OLD Values Width: 62063.0 Height:2212.0
2013-08-17 22:49:02 INFO  Tiff2PDF:127 - scaled, new Values Width: 14400.0 Height:2212.0
2013-08-17 22:49:02 INFO  Tiff2PDF:140 - <<< convert(), Conversion took: 5226
2013-08-17 22:51:10 INFO  Tiff2PDF:42 - >>> convert()
2013-08-17 22:51:10 INFO  Tiff2PDF:64 - convert imgActualWIDTH: 62063.0imgActualHeight: 2212.0
2013-08-17 22:51:10 INFO  Tiff2PDF:68 - convert Width is greater than Adobe allowable width of 14400 Width: 62063.0Shrinking it to 14000
2013-08-17 22:51:10 INFO  Tiff2PDF:88 - convert, Document Size Width:14400.0, Height:2212.0
2013-08-17 22:51:10 INFO  Tiff2PDF:105 - true
2013-08-17 22:51:10 INFO  Tiff2PDF:108 - scale it!, OLD Values Width: 62063.0 Height:2212.0
2013-08-17 22:51:53 INFO  Tiff2PDF:42 - >>> convert()
2013-08-17 22:51:53 INFO  Tiff2PDF:64 - convert imgActualWIDTH: 62063.0imgActualHeight: 2212.0
2013-08-17 22:51:53 INFO  Tiff2PDF:68 - convert Width is greater than Adobe allowable width of 14400 Width: 62063.0Shrinking it to 14000
2013-08-17 22:51:53 INFO  Tiff2PDF:88 - convert, Document Size Width:14400.0, Height:2212.0
2013-08-17 22:51:54 INFO  Tiff2PDF:105 - true
2013-08-17 22:51:54 INFO  Tiff2PDF:108 - scale it!, OLD Values Width: 62063.0 Height:2212.0
2013-08-17 22:52:05 INFO  Tiff2PDF:127 - scaled, new Values Width: 14400.0 Height:2212.0
2013-08-17 22:52:05 INFO  Tiff2PDF:140 - <<< convert(), Conversion took: 11169
2013-08-17 22:52:05 INFO  Tiff2PDF:42 - >>> convert()
2013-08-17 22:52:05 INFO  Tiff2PDF:64 - convert imgActualWIDTH: 29807.0imgActualHeight: 4268.0
2013-08-17 22:52:05 INFO  Tiff2PDF:68 - convert Width is greater than Adobe allowable width of 14400 Width: 29807.0Shrinking it to 14000
2013-08-17 22:52:05 INFO  Tiff2PDF:88 - convert, Document Size Width:14400.0, Height:4268.0
2013-08-17 22:52:05 INFO  Tiff2PDF:105 - true
2013-08-17 22:52:05 INFO  Tiff2PDF:108 - scale it!, OLD Values Width: 29807.0 Height:4268.0
2013-08-17 22:52:15 INFO  Tiff2PDF:127 - scaled, new Values Width: 14400.0 Height:4268.0
2013-08-17 22:52:15 INFO  Tiff2PDF:140 - <<< convert(), Conversion took: 10234
2013-08-17 22:52:15 INFO  Tiff2PDF:42 - >>> convert()
2013-08-17 22:52:15 INFO  Tiff2PDF:64 - convert imgActualWIDTH: 62063.0imgActualHeight: 2212.0
2013-08-17 22:52:15 INFO  Tiff2PDF:68 - convert Width is greater than Adobe allowable width of 14400 Width: 62063.0Shrinking it to 14000
2013-08-17 22:52:15 INFO  Tiff2PDF:88 - convert, Document Size Width:14400.0, Height:2212.0
2013-08-17 22:52:15 INFO  Tiff2PDF:105 - true
2013-08-17 22:52:15 INFO  Tiff2PDF:108 - scale it!, OLD Values Width: 62063.0 Height:2212.0
2013-08-17 22:52:26 INFO  Tiff2PDF:127 - scaled, new Values Width: 14400.0 Height:2212.0
2013-08-17 22:52:26 INFO  Tiff2PDF:140 - <<< convert(), Conversion took: 11575
2013-08-20 14:46:15 INFO  Tiff2PDF:43 - >>> convert()
2013-08-20 14:46:16 INFO  Tiff2PDF:65 - convert imgActualWIDTH: 62063.0imgActualHeight: 2212.0
2013-08-20 14:46:16 INFO  Tiff2PDF:69 - convert Width is greater than Adobe allowable width of 14400 Width: 62063.0Shrinking it to 14000
2013-08-20 14:46:16 INFO  Tiff2PDF:89 - convert, Document Size Width:14400.0, Height:2212.0
2013-08-20 14:46:16 INFO  Tiff2PDF:106 - true
2013-08-20 14:46:16 INFO  Tiff2PDF:109 - scale it!, OLD Values Width: 62063.0 Height:2212.0
2013-08-20 14:46:32 INFO  Tiff2PDF:130 - scaled, new Values Width: 14400.0 Height:2212.0
2013-08-20 14:46:32 INFO  Tiff2PDF:143 - <<< convert(), Conversion took: 17110
2013-08-20 14:46:33 INFO  Tiff2PDF:43 - >>> convert()
2013-08-20 14:46:33 INFO  Tiff2PDF:65 - convert imgActualWIDTH: 29807.0imgActualHeight: 4268.0
2013-08-20 14:46:33 INFO  Tiff2PDF:69 - convert Width is greater than Adobe allowable width of 14400 Width: 29807.0Shrinking it to 14000
2013-08-20 14:46:33 INFO  Tiff2PDF:89 - convert, Document Size Width:14400.0, Height:4268.0
2013-08-20 14:46:33 INFO  Tiff2PDF:106 - true
2013-08-20 14:46:33 INFO  Tiff2PDF:109 - scale it!, OLD Values Width: 29807.0 Height:4268.0
2013-08-20 14:46:48 INFO  Tiff2PDF:130 - scaled, new Values Width: 14400.0 Height:4268.0
2013-08-20 14:46:48 INFO  Tiff2PDF:143 - <<< convert(), Conversion took: 15320
2013-08-20 14:46:48 INFO  Tiff2PDF:43 - >>> convert()
2013-08-20 14:46:48 INFO  Tiff2PDF:65 - convert imgActualWIDTH: 62063.0imgActualHeight: 2212.0
2013-08-20 14:46:48 INFO  Tiff2PDF:69 - convert Width is greater than Adobe allowable width of 14400 Width: 62063.0Shrinking it to 14000
2013-08-20 14:46:48 INFO  Tiff2PDF:89 - convert, Document Size Width:14400.0, Height:2212.0
2013-08-20 14:46:48 INFO  Tiff2PDF:106 - true
2013-08-20 14:46:48 INFO  Tiff2PDF:109 - scale it!, OLD Values Width: 62063.0 Height:2212.0
2013-08-20 14:47:04 INFO  Tiff2PDF:130 - scaled, new Values Width: 14400.0 Height:2212.0
2013-08-20 14:47:04 INFO  Tiff2PDF:143 - <<< convert(), Conversion took: 16651
2013-08-20 14:48:54 INFO  Tiff2PDF:43 - >>> convert()
2013-08-20 14:48:55 INFO  Tiff2PDF:65 - convert imgActualWIDTH: 62063.0imgActualHeight: 2212.0
2013-08-20 14:48:55 INFO  Tiff2PDF:69 - convert Width is greater than Adobe allowable width of 14400 Width: 62063.0Shrinking it to 14000
2013-08-20 14:48:55 INFO  Tiff2PDF:89 - convert, Document Size Width:14400.0, Height:2212.0
2013-08-20 14:48:55 INFO  Tiff2PDF:106 - true
2013-08-20 14:48:55 INFO  Tiff2PDF:109 - scale it!, OLD Values Width: 62063.0 Height:2212.0
2013-08-20 14:49:04 INFO  Tiff2PDF:130 - scaled, new Values Width: 14400.0 Height:2212.0
2013-08-20 14:49:04 INFO  Tiff2PDF:143 - <<< convert(), Conversion took: 9610
2013-08-20 14:49:04 INFO  Tiff2PDF:43 - >>> convert()
2013-08-20 14:49:04 INFO  Tiff2PDF:65 - convert imgActualWIDTH: 29807.0imgActualHeight: 4268.0
2013-08-20 14:49:04 INFO  Tiff2PDF:69 - convert Width is greater than Adobe allowable width of 14400 Width: 29807.0Shrinking it to 14000
2013-08-20 14:49:04 INFO  Tiff2PDF:89 - convert, Document Size Width:14400.0, Height:4268.0
2013-08-20 14:49:04 INFO  Tiff2PDF:106 - true
2013-08-20 14:49:04 INFO  Tiff2PDF:109 - scale it!, OLD Values Width: 29807.0 Height:4268.0
2013-08-20 14:49:13 INFO  Tiff2PDF:130 - scaled, new Values Width: 14400.0 Height:4268.0
2013-08-20 14:49:13 INFO  Tiff2PDF:143 - <<< convert(), Conversion took: 9120
2013-08-20 14:49:13 INFO  Tiff2PDF:43 - >>> convert()
2013-08-20 14:49:13 INFO  Tiff2PDF:65 - convert imgActualWIDTH: 62063.0imgActualHeight: 2212.0
2013-08-20 14:49:13 INFO  Tiff2PDF:69 - convert Width is greater than Adobe allowable width of 14400 Width: 62063.0Shrinking it to 14000
2013-08-20 14:49:13 INFO  Tiff2PDF:89 - convert, Document Size Width:14400.0, Height:2212.0
2013-08-20 14:49:13 INFO  Tiff2PDF:106 - true
2013-08-20 14:49:13 INFO  Tiff2PDF:109 - scale it!, OLD Values Width: 62063.0 Height:2212.0
2013-08-20 14:49:21 INFO  Tiff2PDF:130 - scaled, new Values Width: 14400.0 Height:2212.0
2013-08-20 14:49:21 INFO  Tiff2PDF:143 - <<< convert(), Conversion took: 8080
2013-08-20 14:54:04 INFO  Tiff2PDF:43 - >>> convert()
2013-08-20 14:54:04 INFO  Tiff2PDF:65 - convert imgActualWIDTH: 62063.0imgActualHeight: 2212.0
2013-08-20 14:54:04 INFO  Tiff2PDF:69 - convert Width is greater than Adobe allowable width of 14400 Width: 62063.0Shrinking it to 14000
2013-08-20 14:54:04 INFO  Tiff2PDF:89 - convert, Document Size Width:14400.0, Height:2212.0
2013-08-20 14:54:04 INFO  Tiff2PDF:106 - true
2013-08-20 14:54:04 INFO  Tiff2PDF:109 - scale it!, OLD Values Width: 62063.0 Height:2212.0
2013-08-20 14:54:32 INFO  Tiff2PDF:43 - >>> convert()
2013-08-20 14:54:32 INFO  Tiff2PDF:65 - convert imgActualWIDTH: 62063.0imgActualHeight: 2212.0
2013-08-20 14:54:32 INFO  Tiff2PDF:69 - convert Width is greater than Adobe allowable width of 14400 Width: 62063.0Shrinking it to 14000
2013-08-20 14:54:32 INFO  Tiff2PDF:89 - convert, Document Size Width:14400.0, Height:2212.0
2013-08-20 14:54:32 INFO  Tiff2PDF:106 - true
2013-08-20 14:54:32 INFO  Tiff2PDF:109 - scale it!, OLD Values Width: 62063.0 Height:2212.0
